  Player.cpp
c:\users\theodore\desktop\c++ games\zombiearena\zombiearena\player.cpp(7): warning C4244: '=': conversion from 'const float' to 'int', possible loss of data
c:\users\theodore\desktop\c++ games\zombiearena\zombiearena\player.cpp(8): warning C4244: '=': conversion from 'const float' to 'int', possible loss of data
c:\users\theodore\desktop\c++ games\zombiearena\zombiearena\player.cpp(23): warning C4244: '=': conversion from 'int' to 'T', possible loss of data
          with
          [
              T=float
          ]
c:\users\theodore\desktop\c++ games\zombiearena\zombiearena\player.cpp(24): warning C4244: '=': conversion from 'int' to 'T', possible loss of data
          with
          [
              T=float
          ]
c:\users\theodore\desktop\c++ games\zombiearena\zombiearena\player.cpp(64): warning C4244: '=': conversion from 'const float' to 'int', possible loss of data
c:\users\theodore\desktop\c++ games\zombiearena\zombiearena\player.cpp(65): warning C4244: '=': conversion from 'const float' to 'int', possible loss of data
c:\users\theodore\desktop\c++ games\zombiearena\zombiearena\player.cpp(163): warning C4244: '=': conversion from 'int' to 'T', possible loss of data
          with
          [
              T=float
          ]
c:\users\theodore\desktop\c++ games\zombiearena\zombiearena\player.cpp(168): warning C4244: '=': conversion from 'int' to 'T', possible loss of data
          with
          [
              T=float
          ]
c:\users\theodore\desktop\c++ games\zombiearena\zombiearena\player.cpp(173): warning C4244: '=': conversion from 'int' to 'T', possible loss of data
          with
          [
              T=float
          ]
c:\users\theodore\desktop\c++ games\zombiearena\zombiearena\player.cpp(178): warning C4244: '=': conversion from 'int' to 'T', possible loss of data
          with
          [
              T=float
          ]
c:\users\theodore\desktop\c++ games\zombiearena\zombiearena\player.cpp(184): warning C4244: 'initializing': conversion from 'double' to 'float', possible loss of data
c:\users\theodore\desktop\c++ games\zombiearena\zombiearena\player.cpp(192): warning C4244: '+=': conversion from 'double' to 'float', possible loss of data
c:\users\theodore\desktop\c++ games\zombiearena\zombiearena\player.cpp(198): warning C4244: '+=': conversion from 'double' to 'int', possible loss of data
  ZombieArena.cpp
c:\users\theodore\desktop\c++ games\zombiearena\zombiearena\zombiearena.cpp(7): fatal error C1083: Cannot open include file: 'Bullet.h': No such file or directory
  Generating Code...
